make all --print-data-base --no-builtin-variables --no-builtin-rules --question
# GNU Make 4.3
# Built for x86_64-pc-linux-gnu
# Copyright (C) 1988-2020 Free Software Foundation, Inc.
# License GPLv3+: GNU GPL version 3 or later <http://gnu.org/licenses/gpl.html>
# This is free software: you are free to change and redistribute it.
# There is NO WARRANTY, to the extent permitted by law.

# Make data base, printed on Sat Jun  4 23:13:17 2022

# Variables

# makefile (from 'Makefile', line 18)
OBJ = $(SRC:$(SRCDIR)/%$(EXT)=$(OBJDIR)/%.o)
# environment
GDK_BACKEND = x11
# environment
LC_ALL = C
# makefile (from 'Makefile', line 17)
SRC = $(wildcard $(SRCDIR)/*$(EXT))
# environment
GNOME_SHELL_SESSION_MODE = pop
# environment
SSH_AGENT_LAUNCHER = gnome-keyring
# makefile (from 'Makefile', line 12)
EXT = .cpp
# makefile (from 'Makefile', line 26)
WDELOBJ = $(SRC:$(SRCDIR)/%$(EXT)=$(OBJDIR)\\%.o)
# makefile (from 'Makefile', line 14)
OBJDIR = obj
# environment
GJS_DEBUG_OUTPUT = stderr
# environment
VSCODE_IPC_HOOK_EXTHOST = /run/user/1000/vscode-ipc-b4c63913-d2ed-40e1-8dae-19d73e927a67.sock
# environment
MANDATORY_PATH = /usr/share/gconf/pop.mandatory.path
# environment
LC_NAME = en_US.UTF-8
# environment
LC_NUMERIC = en_US.UTF-8
# environment
VSCODE_CWD = /home/gag501
# makefile (from 'Makefile', line 22)
DELOBJ = $(OBJ)
# environment
WINDOWPATH = 2
# environment
NVM_DIR = /home/gag501/.nvm
# environment
LC_ADDRESS = en_US.UTF-8
# default
MAKE_COMMAND := make
# environment
QT_ACCESSIBILITY = 1
# automatic
@D = $(patsubst %/,%,$(dir $@))
# environment
NODE_ENV = development
# environment
VSCODE_HANDLES_UNCAUGHT_ERRORS = true
# default
.VARIABLES := 
# environment
PWD = /home/gag501/Documents/00_DipSoftwareDev/Assessments/CS103_Integrated_Studio-1/CS103_Assessment-2_Gilberto_Gabon/cs103-2
# automatic
%D = $(patsubst %/,%,$(dir $%))
# environment
PS1 = \u@\h \[\e[32m\]\w \[\e[91m\]$(parse_git_branch)\[\e[00m\]$ 
# environment
XDG_DATA_DIRS = /usr/share/pop:/usr/share/gnome:/home/gag501/.local/share/flatpak/exports/share:/var/lib/flatpak/exports/share:/usr/local/share/:/usr/share/
# automatic
^D = $(patsubst %/,%,$(dir $^))
# environment
VSCODE_LOG_STACK = false
# automatic
%F = $(notdir $%)
# environment
NVM_INC = /home/gag501/.nvm/versions/node/v16.13.1/include/node
# environment
VSCODE_CODE_CACHE_PATH = /home/gag501/.config/Code/CachedData/c3511e6c69bb39013c4a4b7b9566ec1ca73fc4d5
# environment
LANG = C
# environment
XAUTHORITY = /run/user/1000/gdm/Xauthority
# default
.LOADED := 
# default
.INCLUDE_DIRS = /usr/local/include /usr/include /usr/include
# makefile
MAKEFLAGS = pqrR
# makefile (from 'Makefile', line 19)
DEP = $(OBJ:$(OBJDIR)/%.o=%.d)
# makefile
CURDIR := /home/gag501/Documents/00_DipSoftwareDev/Assessments/CS103_Integrated_Studio-1/CS103_Assessment-2_Gilberto_Gabon/cs103-2
# environment
VSCODE_PIPE_LOGGING = true
# environment
APPLICATION_INSIGHTS_NO_DIAGNOSTIC_CHANNEL = 1
# environment
LESSOPEN = | /usr/bin/lesspipe %s
# automatic
*D = $(patsubst %/,%,$(dir $*))
# environment
MFLAGS = -pqrR
# environment
SSH_AUTH_SOCK = /run/user/1000/keyring/ssh
# default
.SHELLFLAGS := -c
# environment
NVM_BIN = /home/gag501/.nvm/versions/node/v16.13.1/bin
# environment
XDG_CONFIG_DIRS = /etc/xdg/xdg-pop:/etc/xdg
# automatic
+D = $(patsubst %/,%,$(dir $+))
# environment
XDG_SESSION_DESKTOP = pop
# makefile (from 'users.d', line 1)
MAKEFILE_LIST := Makefile main.d users.d
# automatic
@F = $(notdir $@)
# environment
VSCODE_VERBOSE_LOGGING = true
# environment
VSCODE_PID = 65719
# environment
XDG_SESSION_TYPE = x11
# makefile (from 'Makefile', line 11)
APPNAME = vis
# automatic
?D = $(patsubst %/,%,$(dir $?))
# environment
SESSION_MANAGER = local/pop-os:@/tmp/.ICE-unix/2595,unix/pop-os:/tmp/.ICE-unix/2595
# automatic
*F = $(notdir $*)
# environment
CHROME_DESKTOP = code-url-handler.desktop
# environment
DBUS_SESSION_BUS_ADDRESS = unix:path=/run/user/1000/bus
# automatic
<D = $(patsubst %/,%,$(dir $<))
# environment
VSCODE_NLS_CONFIG = {"locale":"en-us","availableLanguages":{},"_languagePackSupport":true}
# default
MAKE_HOST := x86_64-pc-linux-gnu
# environment
GNOME_DESKTOP_SESSION_ID = this-is-deprecated
# makefile
SHELL = /bin/sh
# default
MAKECMDGOALS := all
# environment
XMODIFIERS = @im=ibus
# environment
GJS_DEBUG_TOPICS = JS ERROR;JS LOG
# environment
SHLVL = 0
# environment
MAKELEVEL := 0
# environment
booksafe_jwtPrivateKey = GagGuapo
# default
MAKE = $(MAKE_COMMAND)
# environment
PATH = /home/gag501/.nvm/versions/node/v16.13.1/bin:/usr/local/sbin:/usr/local/bin:/usr/sbin:/usr/bin:/sbin:/bin:/usr/games:/usr/local/games:/snap/bin
# default
MAKEFILES := 
# environment
LANGUAGE = en_US:en
# environment
LC_MONETARY = en_US.UTF-8
# automatic
^F = $(notdir $^)
# environment
LC_TIME = en_US.UTF-8
# environment
INVOCATION_ID = 98317e3ba7324bbea9be4e7b0f750afc
# environment
VSCODE_LOG_NATIVE = false
# environment
USERNAME = gag501
# environment
LC_TELEPHONE = en_US.UTF-8
# environment
LESSCLOSE = /usr/bin/lesspipe %s %s
# environment
eptw_jwtPrivateKey = GagGuapo
# automatic
?F = $(notdir $?)
# environment
GTK_IM_MODULE = ibus
# environment
XDG_CURRENT_DESKTOP = Unity
# environment
LS_COLORS = 
# automatic
+F = $(notdir $+)
# environment
DESKTOP_SESSION = pop
# environment
ORIGINAL_XDG_CURRENT_DESKTOP = pop:GNOME
# 'override' directive
GNUMAKEFLAGS := 
# environment
LOGNAME = gag501
# environment
GIO_LAUNCHED_DESKTOP_FILE = /usr/share/applications/code.desktop
# makefile (from 'Makefile', line 25)
EXE = .exe
# makefile
.DEFAULT_GOAL := all
# environment
SYSTEMD_EXEC_PID = 2632
# makefile (from 'Makefile', line 21)
RM = rm
# environment
DISPLAY = :1
# environment
USER = gag501
# environment
GTK_MODULES = gail:atk-bridge:appmenu-gtk-module
# environment
DEFAULTS_PATH = /usr/share/gconf/pop.default.path
# default
MAKE_VERSION := 4.3
# makefile (from 'Makefile', line 8)
LDFLAGS = 
# environment
MANAGERPID = 2356
# makefile (from 'Makefile', line 24)
DEL = del
# environment
LC_MEASUREMENT = en_US.UTF-8
# environment
GIO_LAUNCHED_DESKTOP_FILE_PID = 65719
# environment
_ = /usr/share/code/code
# environment
LC_PAPER = en_US.UTF-8
# environment
XDG_RUNTIME_DIR = /run/user/1000
# environment
GPG_AGENT_INFO = /run/user/1000/gnupg/S.gpg-agent:0:1
# environment
nodebook_jwtPrivateKey = Wakoy1298
# environment
NVM_CD_FLAGS = 
# environment
JOURNAL_STREAM = 8:40865
# environment
XDG_SESSION_CLASS = user
# environment
ANDROID_SDK = /home/gag501/Android/Sdk
# environment
VSCODE_AMD_ENTRYPOINT = vs/workbench/api/node/extensionHostProcess
# environment
HOME = /home/gag501
# environment
QT_IM_MODULE = ibus
# environment
ELECTRON_RUN_AS_NODE = 1
# environment
VSCODE_IPC_HOOK = /run/user/1000/vscode-6716423a-1.67.2-main.sock
# makefile (from 'Makefile', line 13)
SRCDIR = /home/gag501/Documents/00_DipSoftwareDev/Assessments/CS103_Integrated_Studio-1/CS103_Assessment-2_Gilberto_Gabon/cs103-2
# environment
PAPERSIZE = letter
# default
.RECIPEPREFIX := 
# automatic
<F = $(notdir $<)
# default
SUFFIXES := 
# makefile (from 'Makefile', line 7)
CXXFLAGS = -std=c++11 -Wall
# default
.FEATURES := target-specific order-only second-expansion else-if shortest-stem undefine oneshell nocomment grouped-target extra-prereqs archives jobserver output-sync check-symlink load
# makefile (from 'Makefile', line 6)
CC = g++
# environment
XDG_MENU_PREFIX = gnome-
 
# environment
GDMSESSION = pop
# environment
LC_IDENTIFICATION = en_US.UTF-8
# variable set hash-table stats:
# Load=136/1024=13%, Rehash=0, Collisions=11/198=6%

# Pattern-specific Variable Values

# No pattern-specific variable values.

# Directories

# . (device 2051, inode 7299319): 15 files, no impossibilities.
# /home/gag501/Documents/00_DipSoftwareDev/Assessments/CS103_Integrated_Studio-1/CS103_Assessment-2_Gilberto_Gabon/cs103-2 (device 2051, inode 7299319): 15 files, no impossibilities.

# 30 files, no impossibilities in 2 directories.

# Implicit Rules

%.d: /home/gag501/Documents/00_DipSoftwareDev/Assessments/CS103_Integrated_Studio-1/CS103_Assessment-2_Gilberto_Gabon/cs103-2/%.cpp
#  recipe to execute (from 'Makefile', line 40):
	@$(CPP) $(CFLAGS) $< -MM -MT $(@:%.d=$(OBJDIR)/%.o) >$@

obj/%.o: /home/gag501/Documents/00_DipSoftwareDev/Assessments/CS103_Integrated_Studio-1/CS103_Assessment-2_Gilberto_Gabon/cs103-2/%.cpp
#  recipe to execute (from 'Makefile', line 47):
	$(CC) $(CXXFLAGS) -o $@ -c $<

# 2 implicit rules, 0 (0.0%) terminal.
# Files

users.d: /home/gag501/Documents/00_DipSoftwareDev/Assessments/CS103_Integrated_Studio-1/CS103_Assessment-2_Gilberto_Gabon/cs103-2/users.cpp
#  Implicit rule search has been done.
#  Implicit/static pattern stem: 'users'
#  Last modified 2022-06-04 23:13:17.248558478
#  File has been updated.
#  Successfully updated.
#  recipe to execute (from 'Makefile', line 40):
	@$(CPP) $(CFLAGS) $< -MM -MT $(@:%.d=$(OBJDIR)/%.o) >$@

# Not a target:
/home/gag501/Documents/00_DipSoftwareDev/Assessments/CS103_Integrated_Studio-1/CS103_Assessment-2_Gilberto_Gabon/cs103-2/main.cpp:
#  Implicit rule search has been done.
#  Last modified 2022-06-04 22:36:15.372804215
#  File has been updated.
#  Successfully updated.

cleandepw:
#  Phony target (prerequisite of .PHONY).
#  Implicit rule search has not been done.
#  File does not exist.
#  File has not been updated.
#  recipe to execute (from 'Makefile', line 69):
	$(DEL) $(DEP)

obj/users.o: /home/gag501/Documents/00_DipSoftwareDev/Assessments/CS103_Integrated_Studio-1/CS103_Assessment-2_Gilberto_Gabon/cs103-2/users.cpp /home/gag501/Documents/00_DipSoftwareDev/Assessments/CS103_Integrated_Studio-1/CS103_Assessment-2_Gilberto_Gabon/cs103-2/users.cpp /home/gag501/Documents/00_DipSoftwareDev/Assessments/CS103_Integrated_Studio-1/CS103_Assessment-2_Gilberto_Gabon/cs103-2/users.h
#  Implicit rule search has been done.
#  Implicit/static pattern stem: 'users'
#  Last modified 2022-06-04 23:06:47.031567518
#  File has been updated.
#  Needs to be updated (-q is set).
# automatic
# @ := obj/users.o
# automatic
# * := users
# automatic
# < := /home/gag501/Documents/00_DipSoftwareDev/Assessments/CS103_Integrated_Studio-1/CS103_Assessment-2_Gilberto_Gabon/cs103-2/users.cpp
# automatic
# + := /home/gag501/Documents/00_DipSoftwareDev/Assessments/CS103_Integrated_Studio-1/CS103_Assessment-2_Gilberto_Gabon/cs103-2/users.cpp /home/gag501/Documents/00_DipSoftwareDev/Assessments/CS103_Integrated_Studio-1/CS103_Assessment-2_Gilberto_Gabon/cs103-2/users.cpp /home/gag501/Documents/00_DipSoftwareDev/Assessments/CS103_Integrated_Studio-1/CS103_Assessment-2_Gilberto_Gabon/cs103-2/users.h
# automatic
# % := 
# automatic
# ^ := /home/gag501/Documents/00_DipSoftwareDev/Assessments/CS103_Integrated_Studio-1/CS103_Assessment-2_Gilberto_Gabon/cs103-2/users.cpp /home/gag501/Documents/00_DipSoftwareDev/Assessments/CS103_Integrated_Studio-1/CS103_Assessment-2_Gilberto_Gabon/cs103-2/users.h
# automatic
# ? := /home/gag501/Documents/00_DipSoftwareDev/Assessments/CS103_Integrated_Studio-1/CS103_Assessment-2_Gilberto_Gabon/cs103-2/users.cpp
# automatic
# | := 
# variable set hash-table stats:
# Load=8/32=25%, Rehash=0, Collisions=2/15=13%
#  recipe to execute (from 'Makefile', line 47):
	$(CC) $(CXXFLAGS) -o $@ -c $<

obj/main.o: /home/gag501/Documents/00_DipSoftwareDev/Assessments/CS103_Integrated_Studio-1/CS103_Assessment-2_Gilberto_Gabon/cs103-2/main.cpp /home/gag501/Documents/00_DipSoftwareDev/Assessments/CS103_Integrated_Studio-1/CS103_Assessment-2_Gilberto_Gabon/cs103-2/main.cpp /home/gag501/Documents/00_DipSoftwareDev/Assessments/CS103_Integrated_Studio-1/CS103_Assessment-2_Gilberto_Gabon/cs103-2/users.h
#  Implicit rule search has been done.
#  Implicit/static pattern stem: 'main'
#  Last modified 2022-06-04 22:36:40.764918894
#  File has been updated.
#  Successfully updated.
#  recipe to execute (from 'Makefile', line 47):
	$(CC) $(CXXFLAGS) -o $@ -c $<

cleandep:
#  Phony target (prerequisite of .PHONY).
#  Implicit rule search has not been done.
#  File does not exist.
#  File has not been updated.
#  recipe to execute (from 'Makefile', line 58):
	$(RM) $(DEP)

# Not a target:
Makefile:
#  Implicit rule search has been done.
#  Last modified 2022-06-04 22:28:13.757254017
#  File has been updated.
#  Successfully updated.

# Not a target:
/home/gag501/Documents/00_DipSoftwareDev/Assessments/CS103_Integrated_Studio-1/CS103_Assessment-2_Gilberto_Gabon/cs103-2/users.cpp:
#  Implicit rule search has been done.
#  Last modified 2022-06-04 23:13:00.771932528
#  File has been updated.
#  Successfully updated.

clean:
#  Phony target (prerequisite of .PHONY).
#  Implicit rule search has not been done.
#  File does not exist.
#  File has not been updated.
#  recipe to execute (from 'Makefile', line 53):
	$(RM) $(DELOBJ) $(DEP) $(APPNAME)

# Not a target:
/home/gag501/Documents/00_DipSoftwareDev/Assessments/CS103_Integrated_Studio-1/CS103_Assessment-2_Gilberto_Gabon/cs103-2/users.h:
#  Implicit rule search has been done.
#  Last modified 2022-06-04 21:42:33.462712207
#  File has been updated.
#  Successfully updated.

# Not a target:
.DEFAULT:
#  Implicit rule search has not been done.
#  Modification time never checked.
#  File has not been updated.

all: vis
#  Command line target.
#  Implicit rule search has been done.
#  File does not exist.
#  File has been updated.
#  Needs to be updated (-q is set).
# variable set hash-table stats:
# Load=0/32=0%, Rehash=0, Collisions=0/5=0%

cleanw:
#  Phony target (prerequisite of .PHONY).
#  Implicit rule search has not been done.
#  File does not exist.
#  File has not been updated.
#  recipe to execute (from 'Makefile', line 64):
	$(DEL) $(WDELOBJ) $(DEP) $(APPNAME)$(EXE)

main.d: /home/gag501/Documents/00_DipSoftwareDev/Assessments/CS103_Integrated_Studio-1/CS103_Assessment-2_Gilberto_Gabon/cs103-2/main.cpp
#  Implicit rule search has been done.
#  Implicit/static pattern stem: 'main'
#  Last modified 2022-06-04 23:13:17.288559973
#  File has been updated.
#  Successfully updated.
#  recipe to execute (from 'Makefile', line 40):
	@$(CPP) $(CFLAGS) $< -MM -MT $(@:%.d=$(OBJDIR)/%.o) >$@

vis: obj/main.o obj/users.o
#  Implicit rule search has not been done.
#  Last modified 2022-06-04 23:06:47.087567079
#  File has been updated.
#  Needs to be updated (-q is set).
# variable set hash-table stats:
# Load=0/32=0%, Rehash=0, Collisions=0/5=0%
#  recipe to execute (from 'Makefile', line 36):
	$(CC) $(CXXFLAGS) -o $@ $^ $(LDFLAGS)

.PHONY: clean cleandep cleanw cleandepw
#  Implicit rule search has not been done.
#  Modification time never checked.
#  File has not been updated.

# files hash-table stats:
# Load=17/1024=2%, Rehash=0, Collisions=0/61=0%
# VPATH Search Paths

# No 'vpath' search paths.

# No general ('VPATH' variable) search path.

# strcache buffers: 1 (0) / strings = 36 / storage = 880 B / avg = 24 B
# current buf: size = 8162 B / used = 880 B / count = 36 / avg = 24 B

# strcache performance: lookups = 80 / hit rate = 55%
# hash-table stats:
# Load=36/8192=0%, Rehash=0, Collisions=0/80=0%
# Finished Make data base on Sat Jun  4 23:13:17 2022

 
